<?xml version="1.0" encoding="UTF-8"?>
<!-- Generated by org.testng.reporters.JUnitXMLReporter -->
<testsuite hostname="IRV000255" name="LoggerDemo" tests="1" failures="1" timestamp="2 Dec 2015 23:06:25 GMT" time="0.036" errors="0">
  <testcase name="main3" time="0.013" classname="com.loggerdemo.test.LoggerDemoTest3">
    <failure type="java.lang.AssertionError" message="expected [true] but found [false]">
      <![CDATA[java.lang.AssertionError: expected [true] but found [false]
	at com.loggerdemo.test.LoggerDemoTest3.main3(LoggerDemoTest3.java:16)
	at com.intellij.rt.execution.application.AppMain.main(AppMain.java:144)
... Removed 31 stack frames]]>
    </failure>
  </testcase> <!-- main3 -->
</testsuite> <!-- LoggerDemo -->
